ERROR - 2026-06-08 19:07:43 --> Auth filter: Kreait\Firebase\Exception\Auth\FailedToVerifyToken — The value '' is not a verified ID token:
- The token is invalidThe JWT string must have two dots

ERROR - 2026-06-08 19:07:43 --> Auth filter: Kreait\Firebase\Exception\Auth\FailedToVerifyToken — The value 'token_invalido_123' is not a verified ID token:
- The token is invalidThe JWT string must have two dots

ERROR - 2026-06-08 19:07:43 --> Table 'banco_de_tiempo.db_users' doesn't exist
in SYSTEMPATH/Database/MySQLi/Connection.php on line 300.
 1 SYSTEMPATH/Database/MySQLi/Connection.php(300): mysqli->query('SHOW COLUMNS FROM `db_users`', 0)
 2 SYSTEMPATH/Database/BaseConnection.php(908): CodeIgniter\Database\MySQLi\Connection->execute('SHOW COLUMNS FROM `db_users`')
 3 SYSTEMPATH/Database/BaseConnection.php(825): CodeIgniter\Database\BaseConnection->simpleQuery('SHOW COLUMNS FROM `db_users`')
 4 SYSTEMPATH/Database/BaseConnection.php(1787): CodeIgniter\Database\BaseConnection->query('SHOW COLUMNS FROM `db_users`')
 5 ROOTPATH/tests/Feature/AuthSyncTest.php(77): CodeIgniter\Database\BaseConnection->getFieldNames('users')
 6 VENDORPATH/phpunit/phpunit/src/Framework/TestCase.php(1667): Tests\Feature\AuthSyncTest->testSchemaNoTienePasswordHash()
 7 VENDORPATH/phpunit/phpunit/src/Framework/TestCase.php(519): PHPUnit\Framework\TestCase->runTest()
 8 VENDORPATH/phpunit/phpunit/src/Framework/TestRunner/TestRunner.php(87): PHPUnit\Framework\TestCase->runBare()
 9 VENDORPATH/phpunit/phpunit/src/Framework/TestCase.php(365): PHPUnit\Framework\TestRunner->run(Object(Tests\Feature\AuthSyncTest))
10 VENDORPATH/phpunit/phpunit/src/Framework/TestSuite.php(369): PHPUnit\Framework\TestCase->run()
11 VENDORPATH/phpunit/phpunit/src/Framework/TestSuite.php(369): PHPUnit\Framework\TestSuite->run()
12 VENDORPATH/phpunit/phpunit/src/Framework/TestSuite.php(369): PHPUnit\Framework\TestSuite->run()
13 VENDORPATH/phpunit/phpunit/src/TextUI/TestRunner.php(64): PHPUnit\Framework\TestSuite->run()
14 VENDORPATH/phpunit/phpunit/src/TextUI/Application.php(211): PHPUnit\TextUI\TestRunner->run(Object(PHPUnit\TextUI\Configuration\Configuration), Object(PHPUnit\Runner\ResultCache\DefaultResultCache), Object(PHPUnit\Framework\TestSuite))
15 VENDORPATH/phpunit/phpunit/phpunit(104): PHPUnit\TextUI\Application->run([...])
16 VENDORPATH/bin/phpunit(122): include('/home/dagargon89/banco-tiempo-CI4-React/apps/api/vendor/phpunit/phpunit/phpunit')
ERROR - 2026-06-08 19:08:00 --> Auth filter: Kreait\Firebase\Exception\Auth\FailedToVerifyToken — The value '' is not a verified ID token:
- The token is invalidThe JWT string must have two dots

ERROR - 2026-06-08 19:08:00 --> Auth filter: Kreait\Firebase\Exception\Auth\FailedToVerifyToken — The value 'token_invalido_123' is not a verified ID token:
- The token is invalidThe JWT string must have two dots

ERROR - 2026-06-08 21:10:39 --> Auth filter: Kreait\Firebase\Exception\Auth\FailedToVerifyToken — The value '' is not a verified ID token:
- The token is invalidThe JWT string must have two dots

ERROR - 2026-06-08 21:10:39 --> Auth filter: Kreait\Firebase\Exception\Auth\FailedToVerifyToken — The value 'token_invalido_123' is not a verified ID token:
- The token is invalidThe JWT string must have two dots

ERROR - 2026-06-08 21:20:37 --> Auth filter: Kreait\Firebase\Exception\Auth\FailedToVerifyToken — The value '' is not a verified ID token:
- The token is invalidThe JWT string must have two dots

ERROR - 2026-06-08 21:20:37 --> Auth filter: Kreait\Firebase\Exception\Auth\FailedToVerifyToken — The value 'token_invalido_123' is not a verified ID token:
- The token is invalidThe JWT string must have two dots

ERROR - 2026-06-08 21:28:47 --> Auth filter: Kreait\Firebase\Exception\Auth\FailedToVerifyToken — The value '' is not a verified ID token:
- The token is invalidThe JWT string must have two dots

ERROR - 2026-06-08 21:28:47 --> Auth filter: Kreait\Firebase\Exception\Auth\FailedToVerifyToken — The value 'token_invalido_123' is not a verified ID token:
- The token is invalidThe JWT string must have two dots

ERROR - 2026-06-08 21:29:01 --> Auth filter: Kreait\Firebase\Exception\Auth\FailedToVerifyToken — The value '' is not a verified ID token:
- The token is invalidThe JWT string must have two dots

ERROR - 2026-06-08 21:29:01 --> Auth filter: Kreait\Firebase\Exception\Auth\FailedToVerifyToken — The value 'token_invalido_123' is not a verified ID token:
- The token is invalidThe JWT string must have two dots

ERROR - 2026-06-08 21:37:19 --> Auth filter: Kreait\Firebase\Exception\Auth\FailedToVerifyToken — The value '' is not a verified ID token:
- The token is invalidThe JWT string must have two dots

ERROR - 2026-06-08 21:37:19 --> Auth filter: Kreait\Firebase\Exception\Auth\FailedToVerifyToken — The value 'token_invalido_123' is not a verified ID token:
- The token is invalidThe JWT string must have two dots

ERROR - 2026-06-08 21:40:29 --> Auth filter: Kreait\Firebase\Exception\Auth\FailedToVerifyToken — The value '' is not a verified ID token:
- The token is invalidThe JWT string must have two dots

ERROR - 2026-06-08 21:40:29 --> Auth filter: Kreait\Firebase\Exception\Auth\FailedToVerifyToken — The value 'token_invalido_123' is not a verified ID token:
- The token is invalidThe JWT string must have two dots

ERROR - 2026-06-08 21:46:04 --> Auth filter: Kreait\Firebase\Exception\Auth\FailedToVerifyToken — The value '' is not a verified ID token:
- The token is invalidThe JWT string must have two dots

ERROR - 2026-06-08 21:46:04 --> Auth filter: Kreait\Firebase\Exception\Auth\FailedToVerifyToken — The value 'token_invalido_123' is not a verified ID token:
- The token is invalidThe JWT string must have two dots

ERROR - 2026-06-08 22:17:45 --> Table 'banco_de_tiempo.db_categorias' doesn't exist
in SYSTEMPATH/Database/MySQLi/Connection.php on line 300.
 1 SYSTEMPATH/Database/MySQLi/Connection.php(300): mysqli->query('SELECT *
FROM `db_categorias`
WHERE `activa` = 1
ORDER BY `nombre`', 0)
 2 SYSTEMPATH/Database/BaseConnection.php(908): CodeIgniter\Database\MySQLi\Connection->execute('SELECT *
FROM `db_categorias`
WHERE `activa` = 1
ORDER BY `nombre`')
 3 SYSTEMPATH/Database/BaseConnection.php(825): CodeIgniter\Database\BaseConnection->simpleQuery('SELECT *
FROM `db_categorias`
WHERE `activa` = 1
ORDER BY `nombre`')
 4 SYSTEMPATH/Database/BaseBuilder.php(1647): CodeIgniter\Database\BaseConnection->query('SELECT *
FROM `db_categorias`
WHERE `activa` = :activa:
ORDER BY `nombre`', [...], false)
 5 SYSTEMPATH/Model.php(255): CodeIgniter\Database\BaseBuilder->get()
 6 SYSTEMPATH/BaseModel.php(676): CodeIgniter\Model->doFindAll(0, 0)
 7 APPPATH/Models/CategoriaModel.php(22): CodeIgniter\BaseModel->findAll()
 8 APPPATH/Controllers/Api/V1/Categorias.php(19): App\Models\CategoriaModel->activas()
 9 SYSTEMPATH/CodeIgniter.php(974): App\Controllers\Api\V1\Categorias->index()
10 SYSTEMPATH/CodeIgniter.php(520): CodeIgniter\CodeIgniter->runController(Object(App\Controllers\Api\V1\Categorias))
11 SYSTEMPATH/CodeIgniter.php(363): CodeIgniter\CodeIgniter->handleRequest(Object(CodeIgniter\Router\RouteCollection), Object(Config\Cache), true)
12 SYSTEMPATH/Test/FeatureTestTrait.php(234): CodeIgniter\CodeIgniter->run(Object(CodeIgniter\Router\RouteCollection), true)
13 SYSTEMPATH/Test/FeatureTestTrait.php(254): Tests\Feature\OfertasTest->call('GET', 'api/v1/categorias', null)
14 ROOTPATH/tests/Feature/OfertasTest.php(41): Tests\Feature\OfertasTest->get('api/v1/categorias')
15 VENDORPATH/phpunit/phpunit/src/Framework/TestCase.php(1667): Tests\Feature\OfertasTest->testCategoriasDevuelve200()
16 VENDORPATH/phpunit/phpunit/src/Framework/TestCase.php(519): PHPUnit\Framework\TestCase->runTest()
17 VENDORPATH/phpunit/phpunit/src/Framework/TestRunner/TestRunner.php(87): PHPUnit\Framework\TestCase->runBare()
18 VENDORPATH/phpunit/phpunit/src/Framework/TestCase.php(365): PHPUnit\Framework\TestRunner->run(Object(Tests\Feature\OfertasTest))
19 VENDORPATH/phpunit/phpunit/src/Framework/TestSuite.php(369): PHPUnit\Framework\TestCase->run()
20 VENDORPATH/phpunit/phpunit/src/TextUI/TestRunner.php(64): PHPUnit\Framework\TestSuite->run()
21 VENDORPATH/phpunit/phpunit/src/TextUI/Application.php(211): PHPUnit\TextUI\TestRunner->run(Object(PHPUnit\TextUI\Configuration\Configuration), Object(PHPUnit\Runner\ResultCache\DefaultResultCache), Object(PHPUnit\Framework\TestSuite))
22 VENDORPATH/phpunit/phpunit/phpunit(104): PHPUnit\TextUI\Application->run([...])
23 VENDORPATH/bin/phpunit(122): include('/home/dagargon89/banco-tiempo-CI4-React/apps/api/vendor/phpunit/phpunit/phpunit')
ERROR - 2026-06-08 22:17:45 --> Table 'banco_de_tiempo.db_ofertas' doesn't exist
in SYSTEMPATH/Database/MySQLi/Connection.php on line 300.
 1 SYSTEMPATH/Database/MySQLi/Connection.php(300): mysqli->query('SELECT COUNT(*) AS `numrows`
FROM `db_ofertas` `o`
JOIN `db_users` `u` ON `u`.`id` = `o`.`user_id`
WHERE `o`.`estado` = \'activa\'', 0)
 2 SYSTEMPATH/Database/BaseConnection.php(908): CodeIgniter\Database\MySQLi\Connection->execute('SELECT COUNT(*) AS `numrows`
FROM `db_ofertas` `o`
JOIN `db_users` `u` ON `u`.`id` = `o`.`user_id`
WHERE `o`.`estado` = \'activa\'')
 3 SYSTEMPATH/Database/BaseConnection.php(825): CodeIgniter\Database\BaseConnection->simpleQuery('SELECT COUNT(*) AS `numrows`
FROM `db_ofertas` `o`
JOIN `db_users` `u` ON `u`.`id` = `o`.`user_id`
WHERE `o`.`estado` = \'activa\'')
 4 SYSTEMPATH/Database/BaseBuilder.php(1731): CodeIgniter\Database\BaseConnection->query('SELECT COUNT(*) AS `numrows`
FROM `db_ofertas` `o`
JOIN `db_users` `u` ON `u`.`id` = `o`.`user_id`
WHERE `o`.`estado` = :o.estado:', [...], false)
 5 APPPATH/Models/OfertaModel.php(75): CodeIgniter\Database\BaseBuilder->countAllResults(false)
 6 APPPATH/Services/OfertaService.php(154): App\Models\OfertaModel->explorar([...], 1, 12)
 7 APPPATH/Controllers/Api/V1/Ofertas.php(36): App\Services\OfertaService->explorar([...], 1, 12)
 8 SYSTEMPATH/CodeIgniter.php(974): App\Controllers\Api\V1\Ofertas->index()
 9 SYSTEMPATH/CodeIgniter.php(520): CodeIgniter\CodeIgniter->runController(Object(App\Controllers\Api\V1\Ofertas))
10 SYSTEMPATH/CodeIgniter.php(363): CodeIgniter\CodeIgniter->handleRequest(Object(CodeIgniter\Router\RouteCollection), Object(Config\Cache), true)
11 SYSTEMPATH/Test/FeatureTestTrait.php(234): CodeIgniter\CodeIgniter->run(Object(CodeIgniter\Router\RouteCollection), true)
12 SYSTEMPATH/Test/FeatureTestTrait.php(254): Tests\Feature\OfertasTest->call('GET', 'api/v1/ofertas', null)
13 ROOTPATH/tests/Feature/OfertasTest.php(47): Tests\Feature\OfertasTest->get('api/v1/ofertas')
14 VENDORPATH/phpunit/phpunit/src/Framework/TestCase.php(1667): Tests\Feature\OfertasTest->testExplorarOfertasDevuelve200ConMetaPaginacion()
15 VENDORPATH/phpunit/phpunit/src/Framework/TestCase.php(519): PHPUnit\Framework\TestCase->runTest()
16 VENDORPATH/phpunit/phpunit/src/Framework/TestRunner/TestRunner.php(87): PHPUnit\Framework\TestCase->runBare()
17 VENDORPATH/phpunit/phpunit/src/Framework/TestCase.php(365): PHPUnit\Framework\TestRunner->run(Object(Tests\Feature\OfertasTest))
18 VENDORPATH/phpunit/phpunit/src/Framework/TestSuite.php(369): PHPUnit\Framework\TestCase->run()
19 VENDORPATH/phpunit/phpunit/src/TextUI/TestRunner.php(64): PHPUnit\Framework\TestSuite->run()
20 VENDORPATH/phpunit/phpunit/src/TextUI/Application.php(211): PHPUnit\TextUI\TestRunner->run(Object(PHPUnit\TextUI\Configuration\Configuration), Object(PHPUnit\Runner\ResultCache\DefaultResultCache), Object(PHPUnit\Framework\TestSuite))
21 VENDORPATH/phpunit/phpunit/phpunit(104): PHPUnit\TextUI\Application->run([...])
22 VENDORPATH/bin/phpunit(122): include('/home/dagargon89/banco-tiempo-CI4-React/apps/api/vendor/phpunit/phpunit/phpunit')
ERROR - 2026-06-08 22:17:45 --> Table 'banco_de_tiempo.db_ofertas' doesn't exist
in SYSTEMPATH/Database/MySQLi/Connection.php on line 300.
 1 SYSTEMPATH/Database/MySQLi/Connection.php(300): mysqli->query('SELECT COUNT(*) AS `numrows`
FROM `db_ofertas` `o`
JOIN `db_users` `u` ON `u`.`id` = `o`.`user_id`
WHERE `o`.`estado` = \'activa\'', 0)
 2 SYSTEMPATH/Database/BaseConnection.php(908): CodeIgniter\Database\MySQLi\Connection->execute('SELECT COUNT(*) AS `numrows`
FROM `db_ofertas` `o`
JOIN `db_users` `u` ON `u`.`id` = `o`.`user_id`
WHERE `o`.`estado` = \'activa\'')
 3 SYSTEMPATH/Database/BaseConnection.php(825): CodeIgniter\Database\BaseConnection->simpleQuery('SELECT COUNT(*) AS `numrows`
FROM `db_ofertas` `o`
JOIN `db_users` `u` ON `u`.`id` = `o`.`user_id`
WHERE `o`.`estado` = \'activa\'')
 4 SYSTEMPATH/Database/BaseBuilder.php(1731): CodeIgniter\Database\BaseConnection->query('SELECT COUNT(*) AS `numrows`
FROM `db_ofertas` `o`
JOIN `db_users` `u` ON `u`.`id` = `o`.`user_id`
WHERE `o`.`estado` = :o.estado:', [...], false)
 5 APPPATH/Models/OfertaModel.php(75): CodeIgniter\Database\BaseBuilder->countAllResults(false)
 6 APPPATH/Services/OfertaService.php(154): App\Models\OfertaModel->explorar([...], 1, 50)
 7 APPPATH/Controllers/Api/V1/Ofertas.php(36): App\Services\OfertaService->explorar([...], 1, 50)
 8 SYSTEMPATH/CodeIgniter.php(974): App\Controllers\Api\V1\Ofertas->index()
 9 SYSTEMPATH/CodeIgniter.php(520): CodeIgniter\CodeIgniter->runController(Object(App\Controllers\Api\V1\Ofertas))
10 SYSTEMPATH/CodeIgniter.php(363): CodeIgniter\CodeIgniter->handleRequest(Object(CodeIgniter\Router\RouteCollection), Object(Config\Cache), true)
11 SYSTEMPATH/Test/FeatureTestTrait.php(234): CodeIgniter\CodeIgniter->run(Object(CodeIgniter\Router\RouteCollection), true)
12 SYSTEMPATH/Test/FeatureTestTrait.php(254): Tests\Feature\OfertasTest->call('GET', 'api/v1/ofertas?per_page=100', null)
13 ROOTPATH/tests/Feature/OfertasTest.php(60): Tests\Feature\OfertasTest->get('api/v1/ofertas?per_page=100')
14 VENDORPATH/phpunit/phpunit/src/Framework/TestCase.php(1667): Tests\Feature\OfertasTest->testExplorarOfertasPerPageMaximo50()
15 VENDORPATH/phpunit/phpunit/src/Framework/TestCase.php(519): PHPUnit\Framework\TestCase->runTest()
16 VENDORPATH/phpunit/phpunit/src/Framework/TestRunner/TestRunner.php(87): PHPUnit\Framework\TestCase->runBare()
17 VENDORPATH/phpunit/phpunit/src/Framework/TestCase.php(365): PHPUnit\Framework\TestRunner->run(Object(Tests\Feature\OfertasTest))
18 VENDORPATH/phpunit/phpunit/src/Framework/TestSuite.php(369): PHPUnit\Framework\TestCase->run()
19 VENDORPATH/phpunit/phpunit/src/TextUI/TestRunner.php(64): PHPUnit\Framework\TestSuite->run()
20 VENDORPATH/phpunit/phpunit/src/TextUI/Application.php(211): PHPUnit\TextUI\TestRunner->run(Object(PHPUnit\TextUI\Configuration\Configuration), Object(PHPUnit\Runner\ResultCache\DefaultResultCache), Object(PHPUnit\Framework\TestSuite))
21 VENDORPATH/phpunit/phpunit/phpunit(104): PHPUnit\TextUI\Application->run([...])
22 VENDORPATH/bin/phpunit(122): include('/home/dagargon89/banco-tiempo-CI4-React/apps/api/vendor/phpunit/phpunit/phpunit')
ERROR - 2026-06-08 22:17:45 --> Table 'banco_de_tiempo.db_ofertas' doesn't exist
in SYSTEMPATH/Database/MySQLi/Connection.php on line 300.
 1 SYSTEMPATH/Database/MySQLi/Connection.php(300): mysqli->query('SELECT COUNT(*) AS `numrows`
FROM `db_ofertas` `o`
JOIN `db_users` `u` ON `u`.`id` = `o`.`user_id`
WHERE `o`.`estado` = \'activa\'
AND `o`.`categoria_id` = 1', 0)
 2 SYSTEMPATH/Database/BaseConnection.php(908): CodeIgniter\Database\MySQLi\Connection->execute('SELECT COUNT(*) AS `numrows`
FROM `db_ofertas` `o`
JOIN `db_users` `u` ON `u`.`id` = `o`.`user_id`
WHERE `o`.`estado` = \'activa\'
AND `o`.`categoria_id` = 1')
 3 SYSTEMPATH/Database/BaseConnection.php(825): CodeIgniter\Database\BaseConnection->simpleQuery('SELECT COUNT(*) AS `numrows`
FROM `db_ofertas` `o`
JOIN `db_users` `u` ON `u`.`id` = `o`.`user_id`
WHERE `o`.`estado` = \'activa\'
AND `o`.`categoria_id` = 1')
 4 SYSTEMPATH/Database/BaseBuilder.php(1731): CodeIgniter\Database\BaseConnection->query('SELECT COUNT(*) AS `numrows`
FROM `db_ofertas` `o`
JOIN `db_users` `u` ON `u`.`id` = `o`.`user_id`
WHERE `o`.`estado` = :o.estado:
AND `o`.`categoria_id` = :o.categoria_id:', [...], false)
 5 APPPATH/Models/OfertaModel.php(75): CodeIgniter\Database\BaseBuilder->countAllResults(false)
 6 APPPATH/Services/OfertaService.php(154): App\Models\OfertaModel->explorar([...], 1, 12)
 7 APPPATH/Controllers/Api/V1/Ofertas.php(36): App\Services\OfertaService->explorar([...], 1, 12)
 8 SYSTEMPATH/CodeIgniter.php(974): App\Controllers\Api\V1\Ofertas->index()
 9 SYSTEMPATH/CodeIgniter.php(520): CodeIgniter\CodeIgniter->runController(Object(App\Controllers\Api\V1\Ofertas))
10 SYSTEMPATH/CodeIgniter.php(363): CodeIgniter\CodeIgniter->handleRequest(Object(CodeIgniter\Router\RouteCollection), Object(Config\Cache), true)
11 SYSTEMPATH/Test/FeatureTestTrait.php(234): CodeIgniter\CodeIgniter->run(Object(CodeIgniter\Router\RouteCollection), true)
12 SYSTEMPATH/Test/FeatureTestTrait.php(254): Tests\Feature\OfertasTest->call('GET', 'api/v1/ofertas?categoria_id=1', null)
13 ROOTPATH/tests/Feature/OfertasTest.php(69): Tests\Feature\OfertasTest->get('api/v1/ofertas?categoria_id=1')
14 VENDORPATH/phpunit/phpunit/src/Framework/TestCase.php(1667): Tests\Feature\OfertasTest->testExplorarConFiltroCategoria()
15 VENDORPATH/phpunit/phpunit/src/Framework/TestCase.php(519): PHPUnit\Framework\TestCase->runTest()
16 VENDORPATH/phpunit/phpunit/src/Framework/TestRunner/TestRunner.php(87): PHPUnit\Framework\TestCase->runBare()
17 VENDORPATH/phpunit/phpunit/src/Framework/TestCase.php(365): PHPUnit\Framework\TestRunner->run(Object(Tests\Feature\OfertasTest))
18 VENDORPATH/phpunit/phpunit/src/Framework/TestSuite.php(369): PHPUnit\Framework\TestCase->run()
19 VENDORPATH/phpunit/phpunit/src/TextUI/TestRunner.php(64): PHPUnit\Framework\TestSuite->run()
20 VENDORPATH/phpunit/phpunit/src/TextUI/Application.php(211): PHPUnit\TextUI\TestRunner->run(Object(PHPUnit\TextUI\Configuration\Configuration), Object(PHPUnit\Runner\ResultCache\DefaultResultCache), Object(PHPUnit\Framework\TestSuite))
21 VENDORPATH/phpunit/phpunit/phpunit(104): PHPUnit\TextUI\Application->run([...])
22 VENDORPATH/bin/phpunit(122): include('/home/dagargon89/banco-tiempo-CI4-React/apps/api/vendor/phpunit/phpunit/phpunit')
ERROR - 2026-06-08 22:17:45 --> Table 'banco_de_tiempo.db_ofertas' doesn't exist
in SYSTEMPATH/Database/MySQLi/Connection.php on line 300.
 1 SYSTEMPATH/Database/MySQLi/Connection.php(300): mysqli->query('SELECT COUNT(*) AS `numrows`
FROM `db_ofertas` `o`
JOIN `db_users` `u` ON `u`.`id` = `o`.`user_id`
WHERE `o`.`estado` = \'activa\'
AND `o`.`modalidad` = \'virtual\'', 0)
 2 SYSTEMPATH/Database/BaseConnection.php(908): CodeIgniter\Database\MySQLi\Connection->execute('SELECT COUNT(*) AS `numrows`
FROM `db_ofertas` `o`
JOIN `db_users` `u` ON `u`.`id` = `o`.`user_id`
WHERE `o`.`estado` = \'activa\'
AND `o`.`modalidad` = \'virtual\'')
 3 SYSTEMPATH/Database/BaseConnection.php(825): CodeIgniter\Database\BaseConnection->simpleQuery('SELECT COUNT(*) AS `numrows`
FROM `db_ofertas` `o`
JOIN `db_users` `u` ON `u`.`id` = `o`.`user_id`
WHERE `o`.`estado` = \'activa\'
AND `o`.`modalidad` = \'virtual\'')
 4 SYSTEMPATH/Database/BaseBuilder.php(1731): CodeIgniter\Database\BaseConnection->query('SELECT COUNT(*) AS `numrows`
FROM `db_ofertas` `o`
JOIN `db_users` `u` ON `u`.`id` = `o`.`user_id`
WHERE `o`.`estado` = :o.estado:
AND `o`.`modalidad` = :o.modalidad:', [...], false)
 5 APPPATH/Models/OfertaModel.php(75): CodeIgniter\Database\BaseBuilder->countAllResults(false)
 6 APPPATH/Services/OfertaService.php(154): App\Models\OfertaModel->explorar([...], 1, 12)
 7 APPPATH/Controllers/Api/V1/Ofertas.php(36): App\Services\OfertaService->explorar([...], 1, 12)
 8 SYSTEMPATH/CodeIgniter.php(974): App\Controllers\Api\V1\Ofertas->index()
 9 SYSTEMPATH/CodeIgniter.php(520): CodeIgniter\CodeIgniter->runController(Object(App\Controllers\Api\V1\Ofertas))
10 SYSTEMPATH/CodeIgniter.php(363): CodeIgniter\CodeIgniter->handleRequest(Object(CodeIgniter\Router\RouteCollection), Object(Config\Cache), true)
11 SYSTEMPATH/Test/FeatureTestTrait.php(234): CodeIgniter\CodeIgniter->run(Object(CodeIgniter\Router\RouteCollection), true)
12 SYSTEMPATH/Test/FeatureTestTrait.php(254): Tests\Feature\OfertasTest->call('GET', 'api/v1/ofertas?modalidad=virtual', null)
13 ROOTPATH/tests/Feature/OfertasTest.php(75): Tests\Feature\OfertasTest->get('api/v1/ofertas?modalidad=virtual')
14 VENDORPATH/phpunit/phpunit/src/Framework/TestCase.php(1667): Tests\Feature\OfertasTest->testExplorarConFiltroModalidad()
15 VENDORPATH/phpunit/phpunit/src/Framework/TestCase.php(519): PHPUnit\Framework\TestCase->runTest()
16 VENDORPATH/phpunit/phpunit/src/Framework/TestRunner/TestRunner.php(87): PHPUnit\Framework\TestCase->runBare()
17 VENDORPATH/phpunit/phpunit/src/Framework/TestCase.php(365): PHPUnit\Framework\TestRunner->run(Object(Tests\Feature\OfertasTest))
18 VENDORPATH/phpunit/phpunit/src/Framework/TestSuite.php(369): PHPUnit\Framework\TestCase->run()
19 VENDORPATH/phpunit/phpunit/src/TextUI/TestRunner.php(64): PHPUnit\Framework\TestSuite->run()
20 VENDORPATH/phpunit/phpunit/src/TextUI/Application.php(211): PHPUnit\TextUI\TestRunner->run(Object(PHPUnit\TextUI\Configuration\Configuration), Object(PHPUnit\Runner\ResultCache\DefaultResultCache), Object(PHPUnit\Framework\TestSuite))
21 VENDORPATH/phpunit/phpunit/phpunit(104): PHPUnit\TextUI\Application->run([...])
22 VENDORPATH/bin/phpunit(122): include('/home/dagargon89/banco-tiempo-CI4-React/apps/api/vendor/phpunit/phpunit/phpunit')
ERROR - 2026-06-08 22:17:45 --> Table 'banco_de_tiempo.db_ofertas' doesn't exist
in SYSTEMPATH/Database/MySQLi/Connection.php on line 300.
 1 SYSTEMPATH/Database/MySQLi/Connection.php(300): mysqli->query('SELECT `db_ofertas`.*, `u`.`id` AS `oferente_id`, `u`.`nombre` AS `oferente_nombre`, `u`.`foto_perfil` AS `oferente_foto`
FROM `db_ofertas`
JOIN `db_users` `u` ON `u`.`id` = `db_ofertas`.`user_id`
WHERE `db_ofertas`.`id` = 99999
 LIMIT 1', 0)
 2 SYSTEMPATH/Database/BaseConnection.php(908): CodeIgniter\Database\MySQLi\Connection->execute('SELECT `db_ofertas`.*, `u`.`id` AS `oferente_id`, `u`.`nombre` AS `oferente_nombre`, `u`.`foto_perfil` AS `oferente_foto`
FROM `db_ofertas`
JOIN `db_users` `u` ON `u`.`id` = `db_ofertas`.`user_id`
WHERE `db_ofertas`.`id` = 99999
 LIMIT 1')
 3 SYSTEMPATH/Database/BaseConnection.php(825): CodeIgniter\Database\BaseConnection->simpleQuery('SELECT `db_ofertas`.*, `u`.`id` AS `oferente_id`, `u`.`nombre` AS `oferente_nombre`, `u`.`foto_perfil` AS `oferente_foto`
FROM `db_ofertas`
JOIN `db_users` `u` ON `u`.`id` = `db_ofertas`.`user_id`
WHERE `db_ofertas`.`id` = 99999
 LIMIT 1')
 4 SYSTEMPATH/Database/BaseBuilder.php(1647): CodeIgniter\Database\BaseConnection->query('SELECT `db_ofertas`.*, `u`.`id` AS `oferente_id`, `u`.`nombre` AS `oferente_nombre`, `u`.`foto_perfil` AS `oferente_foto`
FROM `db_ofertas`
JOIN `db_users` `u` ON `u`.`id` = `db_ofertas`.`user_id`
WHERE `db_ofertas`.`id` = :ofertas.id:
 LIMIT 1', [...], false)
 5 SYSTEMPATH/Model.php(297): CodeIgniter\Database\BaseBuilder->get()
 6 SYSTEMPATH/BaseModel.php(714): CodeIgniter\Model->doFirst()
 7 APPPATH/Models/OfertaModel.php(43): CodeIgniter\BaseModel->first()
 8 APPPATH/Services/OfertaService.php(138): App\Models\OfertaModel->conOferente(99999)
 9 APPPATH/Controllers/Api/V1/Ofertas.php(48): App\Services\OfertaService->obtener(99999)
10 SYSTEMPATH/CodeIgniter.php(974): App\Controllers\Api\V1\Ofertas->show(99999)
11 SYSTEMPATH/CodeIgniter.php(520): CodeIgniter\CodeIgniter->runController(Object(App\Controllers\Api\V1\Ofertas))
12 SYSTEMPATH/CodeIgniter.php(363): CodeIgniter\CodeIgniter->handleRequest(Object(CodeIgniter\Router\RouteCollection), Object(Config\Cache), true)
13 SYSTEMPATH/Test/FeatureTestTrait.php(234): CodeIgniter\CodeIgniter->run(Object(CodeIgniter\Router\RouteCollection), true)
14 SYSTEMPATH/Test/FeatureTestTrait.php(254): Tests\Feature\OfertasTest->call('GET', 'api/v1/ofertas/99999', null)
15 ROOTPATH/tests/Feature/OfertasTest.php(81): Tests\Feature\OfertasTest->get('api/v1/ofertas/99999')
16 VENDORPATH/phpunit/phpunit/src/Framework/TestCase.php(1667): Tests\Feature\OfertasTest->testOfertaNoExisteDevuelve404()
17 VENDORPATH/phpunit/phpunit/src/Framework/TestCase.php(519): PHPUnit\Framework\TestCase->runTest()
18 VENDORPATH/phpunit/phpunit/src/Framework/TestRunner/TestRunner.php(87): PHPUnit\Framework\TestCase->runBare()
19 VENDORPATH/phpunit/phpunit/src/Framework/TestCase.php(365): PHPUnit\Framework\TestRunner->run(Object(Tests\Feature\OfertasTest))
20 VENDORPATH/phpunit/phpunit/src/Framework/TestSuite.php(369): PHPUnit\Framework\TestCase->run()
21 VENDORPATH/phpunit/phpunit/src/TextUI/TestRunner.php(64): PHPUnit\Framework\TestSuite->run()
22 VENDORPATH/phpunit/phpunit/src/TextUI/Application.php(211): PHPUnit\TextUI\TestRunner->run(Object(PHPUnit\TextUI\Configuration\Configuration), Object(PHPUnit\Runner\ResultCache\DefaultResultCache), Object(PHPUnit\Framework\TestSuite))
23 VENDORPATH/phpunit/phpunit/phpunit(104): PHPUnit\TextUI\Application->run([...])
24 VENDORPATH/bin/phpunit(122): include('/home/dagargon89/banco-tiempo-CI4-React/apps/api/vendor/phpunit/phpunit/phpunit')
ERROR - 2026-06-08 22:18:08 --> Auth filter: Kreait\Firebase\Exception\Auth\FailedToVerifyToken — The value '' is not a verified ID token:
- The token is invalidThe JWT string must have two dots

ERROR - 2026-06-08 22:18:08 --> Auth filter: Kreait\Firebase\Exception\Auth\FailedToVerifyToken — The value 'token_invalido_123' is not a verified ID token:
- The token is invalidThe JWT string must have two dots

ERROR - 2026-06-08 22:30:33 --> Unknown column 'updated_at' in 'field list'
in SYSTEMPATH/Database/MySQLi/Connection.php on line 300.
 1 SYSTEMPATH/Database/MySQLi/Connection.php(300): mysqli->query('INSERT INTO `auditoria` (`actor_id`, `accion`, `entidad_tipo`, `entidad_id`, `metadata`, `ip`, `created_at`, `updated_at`) VALUES (1, \'ver_documento_verificacion\', \'documentos_verificacion\', 1, \'{\\"user_id\\":\\"1\\"}\', \'127.0.0.1\', \'2026-06-08 22:30:33\', \'2026-06-08 22:30:33\')', 0)
 2 SYSTEMPATH/Database/BaseConnection.php(908): CodeIgniter\Database\MySQLi\Connection->execute('INSERT INTO `auditoria` (`actor_id`, `accion`, `entidad_tipo`, `entidad_id`, `metadata`, `ip`, `created_at`, `updated_at`) VALUES (1, \'ver_documento_verificacion\', \'documentos_verificacion\', 1, \'{\\"user_id\\":\\"1\\"}\', \'127.0.0.1\', \'2026-06-08 22:30:33\', \'2026-06-08 22:30:33\')')
 3 SYSTEMPATH/Database/BaseConnection.php(825): CodeIgniter\Database\BaseConnection->simpleQuery('INSERT INTO `auditoria` (`actor_id`, `accion`, `entidad_tipo`, `entidad_id`, `metadata`, `ip`, `created_at`, `updated_at`) VALUES (1, \'ver_documento_verificacion\', \'documentos_verificacion\', 1, \'{\\"user_id\\":\\"1\\"}\', \'127.0.0.1\', \'2026-06-08 22:30:33\', \'2026-06-08 22:30:33\')')
 4 SYSTEMPATH/Database/BaseBuilder.php(2343): CodeIgniter\Database\BaseConnection->query('INSERT INTO `auditoria` (`actor_id`, `accion`, `entidad_tipo`, `entidad_id`, `metadata`, `ip`, `created_at`, `updated_at`) VALUES (:actor_id:, :accion:, :entidad_tipo:, :entidad_id:, :metadata:, :ip:, :created_at:, :updated_at:)', [...], false)
 5 SYSTEMPATH/Model.php(357): CodeIgniter\Database\BaseBuilder->insert()
 6 SYSTEMPATH/BaseModel.php(899): CodeIgniter\Model->doInsert([...])
 7 SYSTEMPATH/Model.php(670): CodeIgniter\BaseModel->insert([...], true)
 8 APPPATH/Models/AuditoriaModel.php(27): CodeIgniter\Model->insert([...])
 9 APPPATH/Services/VerificacionService.php(144): App\Models\AuditoriaModel->registrar(1, 'ver_documento_verificacion', 'documentos_verificacion', 1, [...], '127.0.0.1')
10 APPPATH/Controllers/Api/V1/Admin/Verificaciones.php(41): App\Services\VerificacionService->obtenerUrlDocumento(1, 1, [...], '127.0.0.1')
11 SYSTEMPATH/CodeIgniter.php(974): App\Controllers\Api\V1\Admin\Verificaciones->documento(1)
12 SYSTEMPATH/CodeIgniter.php(520): CodeIgniter\CodeIgniter->runController(Object(App\Controllers\Api\V1\Admin\Verificaciones))
13 SYSTEMPATH/CodeIgniter.php(363): CodeIgniter\CodeIgniter->handleRequest(null, Object(Config\Cache), false)
14 SYSTEMPATH/Boot.php(417): CodeIgniter\CodeIgniter->run()
15 SYSTEMPATH/Boot.php(68): CodeIgniter\Boot::runCodeIgniter(Object(CodeIgniter\CodeIgniter))
16 FCPATH/index.php(59): CodeIgniter\Boot::bootWeb(Object(Config\Paths))
17 SYSTEMPATH/rewrite.php(44): require_once('/home/dagargon89/banco-tiempo-CI4-React/apps/api/public/index.php')
ERROR - 2026-06-08 22:35:54 --> Unknown column 'updated_at' in 'field list'
in SYSTEMPATH/Database/MySQLi/Connection.php on line 300.
 1 SYSTEMPATH/Database/MySQLi/Connection.php(300): mysqli->query('INSERT INTO `auditoria` (`actor_id`, `accion`, `entidad_tipo`, `entidad_id`, `metadata`, `ip`, `created_at`, `updated_at`) VALUES (1, \'ver_documento_verificacion\', \'documentos_verificacion\', 1, \'{\\"user_id\\":\\"1\\"}\', \'127.0.0.1\', \'2026-06-08 22:35:54\', \'2026-06-08 22:35:54\')', 0)
 2 SYSTEMPATH/Database/BaseConnection.php(908): CodeIgniter\Database\MySQLi\Connection->execute('INSERT INTO `auditoria` (`actor_id`, `accion`, `entidad_tipo`, `entidad_id`, `metadata`, `ip`, `created_at`, `updated_at`) VALUES (1, \'ver_documento_verificacion\', \'documentos_verificacion\', 1, \'{\\"user_id\\":\\"1\\"}\', \'127.0.0.1\', \'2026-06-08 22:35:54\', \'2026-06-08 22:35:54\')')
 3 SYSTEMPATH/Database/BaseConnection.php(825): CodeIgniter\Database\BaseConnection->simpleQuery('INSERT INTO `auditoria` (`actor_id`, `accion`, `entidad_tipo`, `entidad_id`, `metadata`, `ip`, `created_at`, `updated_at`) VALUES (1, \'ver_documento_verificacion\', \'documentos_verificacion\', 1, \'{\\"user_id\\":\\"1\\"}\', \'127.0.0.1\', \'2026-06-08 22:35:54\', \'2026-06-08 22:35:54\')')
 4 SYSTEMPATH/Database/BaseBuilder.php(2343): CodeIgniter\Database\BaseConnection->query('INSERT INTO `auditoria` (`actor_id`, `accion`, `entidad_tipo`, `entidad_id`, `metadata`, `ip`, `created_at`, `updated_at`) VALUES (:actor_id:, :accion:, :entidad_tipo:, :entidad_id:, :metadata:, :ip:, :created_at:, :updated_at:)', [...], false)
 5 SYSTEMPATH/Model.php(357): CodeIgniter\Database\BaseBuilder->insert()
 6 SYSTEMPATH/BaseModel.php(899): CodeIgniter\Model->doInsert([...])
 7 SYSTEMPATH/Model.php(670): CodeIgniter\BaseModel->insert([...], true)
 8 APPPATH/Models/AuditoriaModel.php(27): CodeIgniter\Model->insert([...])
 9 APPPATH/Services/VerificacionService.php(144): App\Models\AuditoriaModel->registrar(1, 'ver_documento_verificacion', 'documentos_verificacion', 1, [...], '127.0.0.1')
10 APPPATH/Controllers/Api/V1/Admin/Verificaciones.php(41): App\Services\VerificacionService->obtenerUrlDocumento(1, 1, [...], '127.0.0.1')
11 SYSTEMPATH/CodeIgniter.php(974): App\Controllers\Api\V1\Admin\Verificaciones->documento(1)
12 SYSTEMPATH/CodeIgniter.php(520): CodeIgniter\CodeIgniter->runController(Object(App\Controllers\Api\V1\Admin\Verificaciones))
13 SYSTEMPATH/CodeIgniter.php(363): CodeIgniter\CodeIgniter->handleRequest(null, Object(Config\Cache), false)
14 SYSTEMPATH/Boot.php(417): CodeIgniter\CodeIgniter->run()
15 SYSTEMPATH/Boot.php(68): CodeIgniter\Boot::runCodeIgniter(Object(CodeIgniter\CodeIgniter))
16 FCPATH/index.php(59): CodeIgniter\Boot::bootWeb(Object(Config\Paths))
17 SYSTEMPATH/rewrite.php(44): require_once('/home/dagargon89/banco-tiempo-CI4-React/apps/api/public/index.php')
ERROR - 2026-06-08 22:39:22 --> Unknown column 'updated_at' in 'field list'
in SYSTEMPATH/Database/MySQLi/Connection.php on line 300.
 1 SYSTEMPATH/Database/MySQLi/Connection.php(300): mysqli->query('INSERT INTO `auditoria` (`actor_id`, `accion`, `entidad_tipo`, `entidad_id`, `metadata`, `ip`, `created_at`, `updated_at`) VALUES (1, \'ver_documento_verificacion\', \'documentos_verificacion\', 1, \'{\\"user_id\\":\\"1\\"}\', \'127.0.0.1\', \'2026-06-08 22:39:22\', \'2026-06-08 22:39:22\')', 0)
 2 SYSTEMPATH/Database/BaseConnection.php(908): CodeIgniter\Database\MySQLi\Connection->execute('INSERT INTO `auditoria` (`actor_id`, `accion`, `entidad_tipo`, `entidad_id`, `metadata`, `ip`, `created_at`, `updated_at`) VALUES (1, \'ver_documento_verificacion\', \'documentos_verificacion\', 1, \'{\\"user_id\\":\\"1\\"}\', \'127.0.0.1\', \'2026-06-08 22:39:22\', \'2026-06-08 22:39:22\')')
 3 SYSTEMPATH/Database/BaseConnection.php(825): CodeIgniter\Database\BaseConnection->simpleQuery('INSERT INTO `auditoria` (`actor_id`, `accion`, `entidad_tipo`, `entidad_id`, `metadata`, `ip`, `created_at`, `updated_at`) VALUES (1, \'ver_documento_verificacion\', \'documentos_verificacion\', 1, \'{\\"user_id\\":\\"1\\"}\', \'127.0.0.1\', \'2026-06-08 22:39:22\', \'2026-06-08 22:39:22\')')
 4 SYSTEMPATH/Database/BaseBuilder.php(2343): CodeIgniter\Database\BaseConnection->query('INSERT INTO `auditoria` (`actor_id`, `accion`, `entidad_tipo`, `entidad_id`, `metadata`, `ip`, `created_at`, `updated_at`) VALUES (:actor_id:, :accion:, :entidad_tipo:, :entidad_id:, :metadata:, :ip:, :created_at:, :updated_at:)', [...], false)
 5 SYSTEMPATH/Model.php(357): CodeIgniter\Database\BaseBuilder->insert()
 6 SYSTEMPATH/BaseModel.php(899): CodeIgniter\Model->doInsert([...])
 7 SYSTEMPATH/Model.php(670): CodeIgniter\BaseModel->insert([...], true)
 8 APPPATH/Models/AuditoriaModel.php(27): CodeIgniter\Model->insert([...])
 9 APPPATH/Services/VerificacionService.php(144): App\Models\AuditoriaModel->registrar(1, 'ver_documento_verificacion', 'documentos_verificacion', 1, [...], '127.0.0.1')
10 APPPATH/Controllers/Api/V1/Admin/Verificaciones.php(41): App\Services\VerificacionService->obtenerUrlDocumento(1, 1, [...], '127.0.0.1')
11 SYSTEMPATH/CodeIgniter.php(974): App\Controllers\Api\V1\Admin\Verificaciones->documento(1)
12 SYSTEMPATH/CodeIgniter.php(520): CodeIgniter\CodeIgniter->runController(Object(App\Controllers\Api\V1\Admin\Verificaciones))
13 SYSTEMPATH/CodeIgniter.php(363): CodeIgniter\CodeIgniter->handleRequest(null, Object(Config\Cache), false)
14 SYSTEMPATH/Boot.php(417): CodeIgniter\CodeIgniter->run()
15 SYSTEMPATH/Boot.php(68): CodeIgniter\Boot::runCodeIgniter(Object(CodeIgniter\CodeIgniter))
16 FCPATH/index.php(59): CodeIgniter\Boot::bootWeb(Object(Config\Paths))
17 SYSTEMPATH/rewrite.php(44): require_once('/home/dagargon89/banco-tiempo-CI4-React/apps/api/public/index.php')
ERROR - 2026-06-08 22:43:11 --> Unknown column 'updated_at' in 'field list'
in SYSTEMPATH/Database/MySQLi/Connection.php on line 300.
 1 SYSTEMPATH/Database/MySQLi/Connection.php(300): mysqli->query('INSERT INTO `auditoria` (`actor_id`, `accion`, `entidad_tipo`, `entidad_id`, `metadata`, `ip`, `created_at`, `updated_at`) VALUES (1, \'ver_documento_verificacion\', \'documentos_verificacion\', 1, \'{\\"user_id\\":\\"1\\"}\', \'127.0.0.1\', \'2026-06-08 22:43:11\', \'2026-06-08 22:43:11\')', 0)
 2 SYSTEMPATH/Database/BaseConnection.php(908): CodeIgniter\Database\MySQLi\Connection->execute('INSERT INTO `auditoria` (`actor_id`, `accion`, `entidad_tipo`, `entidad_id`, `metadata`, `ip`, `created_at`, `updated_at`) VALUES (1, \'ver_documento_verificacion\', \'documentos_verificacion\', 1, \'{\\"user_id\\":\\"1\\"}\', \'127.0.0.1\', \'2026-06-08 22:43:11\', \'2026-06-08 22:43:11\')')
 3 SYSTEMPATH/Database/BaseConnection.php(825): CodeIgniter\Database\BaseConnection->simpleQuery('INSERT INTO `auditoria` (`actor_id`, `accion`, `entidad_tipo`, `entidad_id`, `metadata`, `ip`, `created_at`, `updated_at`) VALUES (1, \'ver_documento_verificacion\', \'documentos_verificacion\', 1, \'{\\"user_id\\":\\"1\\"}\', \'127.0.0.1\', \'2026-06-08 22:43:11\', \'2026-06-08 22:43:11\')')
 4 SYSTEMPATH/Database/BaseBuilder.php(2343): CodeIgniter\Database\BaseConnection->query('INSERT INTO `auditoria` (`actor_id`, `accion`, `entidad_tipo`, `entidad_id`, `metadata`, `ip`, `created_at`, `updated_at`) VALUES (:actor_id:, :accion:, :entidad_tipo:, :entidad_id:, :metadata:, :ip:, :created_at:, :updated_at:)', [...], false)
 5 SYSTEMPATH/Model.php(357): CodeIgniter\Database\BaseBuilder->insert()
 6 SYSTEMPATH/BaseModel.php(899): CodeIgniter\Model->doInsert([...])
 7 SYSTEMPATH/Model.php(670): CodeIgniter\BaseModel->insert([...], true)
 8 APPPATH/Models/AuditoriaModel.php(27): CodeIgniter\Model->insert([...])
 9 APPPATH/Services/VerificacionService.php(144): App\Models\AuditoriaModel->registrar(1, 'ver_documento_verificacion', 'documentos_verificacion', 1, [...], '127.0.0.1')
10 APPPATH/Controllers/Api/V1/Admin/Verificaciones.php(41): App\Services\VerificacionService->obtenerUrlDocumento(1, 1, [...], '127.0.0.1')
11 SYSTEMPATH/CodeIgniter.php(974): App\Controllers\Api\V1\Admin\Verificaciones->documento(1)
12 SYSTEMPATH/CodeIgniter.php(520): CodeIgniter\CodeIgniter->runController(Object(App\Controllers\Api\V1\Admin\Verificaciones))
13 SYSTEMPATH/CodeIgniter.php(363): CodeIgniter\CodeIgniter->handleRequest(null, Object(Config\Cache), false)
14 SYSTEMPATH/Boot.php(417): CodeIgniter\CodeIgniter->run()
15 SYSTEMPATH/Boot.php(68): CodeIgniter\Boot::runCodeIgniter(Object(CodeIgniter\CodeIgniter))
16 FCPATH/index.php(59): CodeIgniter\Boot::bootWeb(Object(Config\Paths))
17 SYSTEMPATH/rewrite.php(44): require_once('/home/dagargon89/banco-tiempo-CI4-React/apps/api/public/index.php')
ERROR - 2026-06-08 22:43:21 --> Unknown column 'updated_at' in 'field list'
in SYSTEMPATH/Database/MySQLi/Connection.php on line 300.
 1 SYSTEMPATH/Database/MySQLi/Connection.php(300): mysqli->query('INSERT INTO `auditoria` (`actor_id`, `accion`, `entidad_tipo`, `entidad_id`, `metadata`, `ip`, `created_at`, `updated_at`) VALUES (1, \'ver_documento_verificacion\', \'documentos_verificacion\', 1, \'{\\"user_id\\":\\"1\\"}\', \'127.0.0.1\', \'2026-06-08 22:43:21\', \'2026-06-08 22:43:21\')', 0)
 2 SYSTEMPATH/Database/BaseConnection.php(908): CodeIgniter\Database\MySQLi\Connection->execute('INSERT INTO `auditoria` (`actor_id`, `accion`, `entidad_tipo`, `entidad_id`, `metadata`, `ip`, `created_at`, `updated_at`) VALUES (1, \'ver_documento_verificacion\', \'documentos_verificacion\', 1, \'{\\"user_id\\":\\"1\\"}\', \'127.0.0.1\', \'2026-06-08 22:43:21\', \'2026-06-08 22:43:21\')')
 3 SYSTEMPATH/Database/BaseConnection.php(825): CodeIgniter\Database\BaseConnection->simpleQuery('INSERT INTO `auditoria` (`actor_id`, `accion`, `entidad_tipo`, `entidad_id`, `metadata`, `ip`, `created_at`, `updated_at`) VALUES (1, \'ver_documento_verificacion\', \'documentos_verificacion\', 1, \'{\\"user_id\\":\\"1\\"}\', \'127.0.0.1\', \'2026-06-08 22:43:21\', \'2026-06-08 22:43:21\')')
 4 SYSTEMPATH/Database/BaseBuilder.php(2343): CodeIgniter\Database\BaseConnection->query('INSERT INTO `auditoria` (`actor_id`, `accion`, `entidad_tipo`, `entidad_id`, `metadata`, `ip`, `created_at`, `updated_at`) VALUES (:actor_id:, :accion:, :entidad_tipo:, :entidad_id:, :metadata:, :ip:, :created_at:, :updated_at:)', [...], false)
 5 SYSTEMPATH/Model.php(357): CodeIgniter\Database\BaseBuilder->insert()
 6 SYSTEMPATH/BaseModel.php(899): CodeIgniter\Model->doInsert([...])
 7 SYSTEMPATH/Model.php(670): CodeIgniter\BaseModel->insert([...], true)
 8 APPPATH/Models/AuditoriaModel.php(27): CodeIgniter\Model->insert([...])
 9 APPPATH/Services/VerificacionService.php(144): App\Models\AuditoriaModel->registrar(1, 'ver_documento_verificacion', 'documentos_verificacion', 1, [...], '127.0.0.1')
10 APPPATH/Controllers/Api/V1/Admin/Verificaciones.php(41): App\Services\VerificacionService->obtenerUrlDocumento(1, 1, [...], '127.0.0.1')
11 SYSTEMPATH/CodeIgniter.php(974): App\Controllers\Api\V1\Admin\Verificaciones->documento(1)
12 SYSTEMPATH/CodeIgniter.php(520): CodeIgniter\CodeIgniter->runController(Object(App\Controllers\Api\V1\Admin\Verificaciones))
13 SYSTEMPATH/CodeIgniter.php(363): CodeIgniter\CodeIgniter->handleRequest(null, Object(Config\Cache), false)
14 SYSTEMPATH/Boot.php(417): CodeIgniter\CodeIgniter->run()
15 SYSTEMPATH/Boot.php(68): CodeIgniter\Boot::runCodeIgniter(Object(CodeIgniter\CodeIgniter))
16 FCPATH/index.php(59): CodeIgniter\Boot::bootWeb(Object(Config\Paths))
17 SYSTEMPATH/rewrite.php(44): require_once('/home/dagargon89/banco-tiempo-CI4-React/apps/api/public/index.php')
ERROR - 2026-06-08 22:45:16 --> Auth filter: Kreait\Firebase\Exception\Auth\FailedToVerifyToken — The value '' is not a verified ID token:
- The token is invalidThe JWT string must have two dots

ERROR - 2026-06-08 22:45:16 --> Auth filter: Kreait\Firebase\Exception\Auth\FailedToVerifyToken — The value 'token_invalido_123' is not a verified ID token:
- The token is invalidThe JWT string must have two dots

ERROR - 2026-06-08 22:45:46 --> Unknown column 'updated_at' in 'field list'
in SYSTEMPATH/Database/MySQLi/Connection.php on line 300.
 1 SYSTEMPATH/Database/MySQLi/Connection.php(300): mysqli->query('INSERT INTO `auditoria` (`actor_id`, `accion`, `entidad_tipo`, `entidad_id`, `metadata`, `ip`, `created_at`, `updated_at`) VALUES (1, \'ver_documento_verificacion\', \'documentos_verificacion\', 1, \'{\\"user_id\\":\\"1\\"}\', \'127.0.0.1\', \'2026-06-08 22:45:46\', \'2026-06-08 22:45:46\')', 0)
 2 SYSTEMPATH/Database/BaseConnection.php(908): CodeIgniter\Database\MySQLi\Connection->execute('INSERT INTO `auditoria` (`actor_id`, `accion`, `entidad_tipo`, `entidad_id`, `metadata`, `ip`, `created_at`, `updated_at`) VALUES (1, \'ver_documento_verificacion\', \'documentos_verificacion\', 1, \'{\\"user_id\\":\\"1\\"}\', \'127.0.0.1\', \'2026-06-08 22:45:46\', \'2026-06-08 22:45:46\')')
 3 SYSTEMPATH/Database/BaseConnection.php(825): CodeIgniter\Database\BaseConnection->simpleQuery('INSERT INTO `auditoria` (`actor_id`, `accion`, `entidad_tipo`, `entidad_id`, `metadata`, `ip`, `created_at`, `updated_at`) VALUES (1, \'ver_documento_verificacion\', \'documentos_verificacion\', 1, \'{\\"user_id\\":\\"1\\"}\', \'127.0.0.1\', \'2026-06-08 22:45:46\', \'2026-06-08 22:45:46\')')
 4 SYSTEMPATH/Database/BaseBuilder.php(2343): CodeIgniter\Database\BaseConnection->query('INSERT INTO `auditoria` (`actor_id`, `accion`, `entidad_tipo`, `entidad_id`, `metadata`, `ip`, `created_at`, `updated_at`) VALUES (:actor_id:, :accion:, :entidad_tipo:, :entidad_id:, :metadata:, :ip:, :created_at:, :updated_at:)', [...], false)
 5 SYSTEMPATH/Model.php(357): CodeIgniter\Database\BaseBuilder->insert()
 6 SYSTEMPATH/BaseModel.php(899): CodeIgniter\Model->doInsert([...])
 7 SYSTEMPATH/Model.php(670): CodeIgniter\BaseModel->insert([...], true)
 8 APPPATH/Models/AuditoriaModel.php(27): CodeIgniter\Model->insert([...])
 9 APPPATH/Services/VerificacionService.php(144): App\Models\AuditoriaModel->registrar(1, 'ver_documento_verificacion', 'documentos_verificacion', 1, [...], '127.0.0.1')
10 APPPATH/Controllers/Api/V1/Admin/Verificaciones.php(41): App\Services\VerificacionService->obtenerUrlDocumento(1, 1, [...], '127.0.0.1')
11 SYSTEMPATH/CodeIgniter.php(974): App\Controllers\Api\V1\Admin\Verificaciones->documento(1)
12 SYSTEMPATH/CodeIgniter.php(520): CodeIgniter\CodeIgniter->runController(Object(App\Controllers\Api\V1\Admin\Verificaciones))
13 SYSTEMPATH/CodeIgniter.php(363): CodeIgniter\CodeIgniter->handleRequest(null, Object(Config\Cache), false)
14 SYSTEMPATH/Boot.php(417): CodeIgniter\CodeIgniter->run()
15 SYSTEMPATH/Boot.php(68): CodeIgniter\Boot::runCodeIgniter(Object(CodeIgniter\CodeIgniter))
16 FCPATH/index.php(59): CodeIgniter\Boot::bootWeb(Object(Config\Paths))
17 SYSTEMPATH/rewrite.php(44): require_once('/home/dagargon89/banco-tiempo-CI4-React/apps/api/public/index.php')
